<?xml version="1.0" encoding="UTF-8"?>
<!-- Generated by org.testng.reporters.JUnitReportReporter -->
<testsuite hostname="DESKTOP-P34K40U" failures="0" tests="1" name="LTIM.Assignment.FlipkartLinks" time="0.138" errors="0" timestamp="2024-03-30T09:28:11 IST" skipped="0">
  <testcase classname="LTIM.Assignment.FlipkartLinks" name="findingAllTheAvailableLinksByStream" time="0.138"/>
</testsuite> <!-- LTIM.Assignment.FlipkartLinks -->
